npm warn Unknown user config "python". This will stop working in the next major version of npm. See `npm help npmrc` for supported config options.

> @burma-inventory/source@0.0.0 start:local
> lsof -ti:8081,3000 | xargs kill -9 2>/dev/null; docker compose up -d && NX_DAEMON=false npx nx run sync-server:build:development && CI=1 NX_DAEMON=false npx nx run-many -t serve -p sync-server mobile-web

time="2026-05-03T21:38:23-05:00" level=warning msg="/Users/justin.zhang/Desktop/burma/burma-inventory/docker-compose.yml: the attribute `version` is obsolete, it will be ignored, please remove it to avoid potential confusion"
time="2026-05-03T21:38:23-05:00" level=warning msg="No services to build"
 Container burma_inventory_db Running 
npm warn Unknown env config "python". This will stop working in the next major version of npm. See `npm help npmrc` for supported config options.
npm warn Unknown user config "python". This will stop working in the next major version of npm. See `npm help npmrc` for supported config options.

> nx run sync-server:build:development  [local cache]

> webpack-cli build --node-env=development

webpack compiled [1m[32msuccessfully[39m[22m (4ecb31b19c871810)



 NX   Successfully ran target build for project sync-server

Nx read the output from the cache instead of running the command for 1 out of 1 tasks.

npm warn Unknown env config "python". This will stop working in the next major version of npm. See `npm help npmrc` for supported config options.
npm warn Unknown user config "python". This will stop working in the next major version of npm. See `npm help npmrc` for supported config options.

[7m[1m[36m NX [39m[22m[27m  [36mRunning target [1mserve[22m for 2 projects:[39m

[2m-[22m sync-server
[2m-[22m mobile-web

[2m[36m[39m[22m

[2m> [22m[2mnx run[22m sync-server:serve

[2m> [22mPRISMA_CLIENT_ENGINE_TYPE=library node --env-file=sync-server/.env dist/sync-server/main.js


[2m> [22m[2mnx run[22m mobile-web:serve

[2m> [22mnpx expo start --web --clear --non-interactive

[32m[Nest] 17340  - [39m05/03/2026, 9:38:25 PM [32m    LOG[39m [38;5;3m[NestFactory] [39m[32mStarting Nest application...[39m
[32m[Nest] 17340  - [39m05/03/2026, 9:38:25 PM [32m    LOG[39m [38;5;3m[InstanceLoader] [39m[32mAppModule dependencies initialized[39m[38;5;3m +3ms[39m
[32m[Nest] 17340  - [39m05/03/2026, 9:38:25 PM [32m    LOG[39m [38;5;3m[RoutesResolver] [39m[32mAppController {/api}:[39m[38;5;3m +1ms[39m
[32m[Nest] 17340  - [39m05/03/2026, 9:38:25 PM [32m    LOG[39m [38;5;3m[RouterExplorer] [39m[32mMapped {/api, GET} route[39m[38;5;3m +2ms[39m
[32m[Nest] 17340  - [39m05/03/2026, 9:38:25 PM [32m    LOG[39m [38;5;3m[RoutesResolver] [39m[32mSyncController {/api/sync}:[39m[38;5;3m +0ms[39m
[32m[Nest] 17340  - [39m05/03/2026, 9:38:25 PM [32m    LOG[39m [38;5;3m[RouterExplorer] [39m[32mMapped {/api/sync, GET} route[39m[38;5;3m +0ms[39m
[32m[Nest] 17340  - [39m05/03/2026, 9:38:25 PM [32m    LOG[39m [38;5;3m[RouterExplorer] [39m[32mMapped {/api/sync, POST} route[39m[38;5;3m +1ms[39m
[SyncService] Initializing Prisma with URL: FOUND
npm warn Unknown env config "python". This will stop working in the next major version of npm. See `npm help npmrc` for supported config options.
npm warn Unknown user config "python". This will stop working in the next major version of npm. See `npm help npmrc` for supported config options.
[SyncService] Prisma connected successfully via PG Adapter
[32m[Nest] 17340  - [39m05/03/2026, 9:38:25 PM [32m    LOG[39m [38;5;3m[NestApplication] [39m[32mNest application successfully started[39m[38;5;3m +31ms[39m
[32m[Nest] 17340  - [39m05/03/2026, 9:38:25 PM [32m    LOG[39m [32m🚀 Application is running on: http://localhost:3000/api[39m
[33m  [33m[1m--non-interactive[22m[39m[33m is not supported, use [33m[1m$CI=1[22m[39m[33m instead[39m
[90mStarting project at /Users/justin.zhang/Desktop/burma/burma-inventory/mobile-web[39m
Metro is running in CI mode, reloads are disabled. Remove [1mCI=true[22m to enable watch mode.
[2mStarting Metro Bundler[22m

[33mwarning[39m: Bundler cache is empty, rebuilding [2m(this may take a minute)[22m
[33mThe following packages should be updated for best compatibility with the installed [1mexpo[22m version:[39m
[33m  [1mreact[22m[36m@[39m[33m[31m19.2.5[39m[33m - expected version: [32m19.2.0[39m[33m[39m
[33m  [1mreact-native[22m[36m@[39m[33m[31m0.85.2[39m[33m - expected version: [32m0.83.6[39m[33m[39m
[33m  [1mreact-native-svg[22m[36m@[39m[33m[31m15.15.4[39m[33m - expected version: [32m15.15.3[39m[33m[39m
[33mYour project may not work correctly until you install the expected versions of the packages.[39m
Waiting on [4mhttp://localhost:8081[24m
Logs for your project will appear below.
[1mWeb[22m [0m[2m./[22m[0m[1mindex.js[22m [47m[37m░░░░░░░░░░░░░░░░[39m[49m[1m  0.0% [22m[2m(0/1)[22m
[33m|[39m [transform-class-properties]: You are using the "loose: true" option and you are explicitly setting a value for the "setPublicClassFields" and "privateFieldsAsProperties" assumptions. The "loose" option can cause incompatibilities with the other class features plugins, so it's recommended that you replace it with the following top-level option:
[33m|[39m 	"assumptions": {
[33m|[39m 		"setPublicClassFields": true,
[33m|[39m 		"privateFieldsAsSymbols": true
[33m|[39m 	}
[33m|[39m [transform-private-methods]: You are using the "loose: true" option and you are explicitly setting a value for the "setPublicClassFields" and "privateFieldsAsProperties" assumptions. The "loose" option can cause incompatibilities with the other class features plugins, so it's recommended that you replace it with the following top-level option:
[33m|[39m 	"assumptions": {
[33m|[39m 		"setPublicClassFields": true,
[33m|[39m 		"privateFieldsAsSymbols": true
[33m|[39m 	}
[33m|[39m [transform-private-methods]: You are using the "loose: true" option and you are explicitly setting a value for the "setPublicClassFields" and "privateFieldsAsProperties" assumptions. The "loose" option can cause incompatibilities with the other class features plugins, so it's recommended that you replace it with the following top-level option:
[33m|[39m 	"assumptions": {
[33m|[39m 		"setPublicClassFields": true,
[33m|[39m 		"privateFieldsAsSymbols": true
[33m|[39m 	}
[33m|[39m [transform-private-methods]: You are using the "loose: true" option and you are explicitly setting a value for the "setPublicClassFields" and "privateFieldsAsProperties" assumptions. The "loose" option can cause incompatibilities with the other class features plugins, so it's recommended that you replace it with the following top-level option:
[33m|[39m 	"assumptions": {
[33m|[39m 		"setPublicClassFields": true,
[33m|[39m 		"privateFieldsAsSymbols": true
[33m|[39m 	}
[33m|[39m [transform-class-properties]: You are using the "loose: true" option and you are explicitly setting a value for the "setPublicClassFields" and "privateFieldsAsProperties" assumptions. The "loose" option can cause incompatibilities with the other class features plugins, so it's recommended that you replace it with the following top-level option:
[33m|[39m 	"assumptions": {
[33m|[39m 		"setPublicClassFields": true,
[33m|[39m 		"privateFieldsAsSymbols": true
[33m|[39m 	}
[33m|[39m [transform-class-properties]: You are using the "loose: true" option and you are explicitly setting a value for the "setPublicClassFields" and "privateFieldsAsProperties" assumptions. The "loose" option can cause incompatibilities with the other class features plugins, so it's recommended that you replace it with the following top-level option:
[33m|[39m 	"assumptions": {
[33m|[39m 		"setPublicClassFields": true,
[33m|[39m 		"privateFieldsAsSymbols": true
[33m|[39m 	}
[33m|[39m [transform-class-properties]: You are using the "loose: true" option and you are explicitly setting a value for the "setPublicClassFields" and "privateFieldsAsProperties" assumptions. The "loose" option can cause incompatibilities with the other class features plugins, so it's recommended that you replace it with the following top-level option:
[33m|[39m 	"assumptions": {
[33m|[39m 		"setPublicClassFields": true,
[33m|[39m 		"privateFieldsAsSymbols": true
[33m|[39m 	}
[33m|[39m [transform-class-properties]: You are using the "loose: true" option and you are explicitly setting a value for the "setPublicClassFields" and "privateFieldsAsProperties" assumptions. The "loose" option can cause incompatibilities with the other class features plugins, so it's recommended that you replace it with the following top-level option:
[33m|[39m 	"assumptions": {
[33m|[39m 		"setPublicClassFields": true,
[33m|[39m 		"privateFieldsAsSymbols": true
[33m|[39m 	}
[33m|[39m [transform-class-properties]: You are using the "loose: true" option and you are explicitly setting a value for the "setPublicClassFields" and "privateFieldsAsProperties" assumptions. The "loose" option can cause incompatibilities with the other class features plugins, so it's recommended that you replace it with the following top-level option:
[33m|[39m 	"assumptions": {
[33m|[39m 		"setPublicClassFields": true,
[33m|[39m 		"privateFieldsAsSymbols": true
[33m|[39m 	}
[33m|[39m [transform-class-properties]: You are using the "loose: true" option and you are explicitly setting a value for the "setPublicClassFields" and "privateFieldsAsProperties" assumptions. The "loose" option can cause incompatibilities with the other class features plugins, so it's recommended that you replace it with the following top-level option:
[33m|[39m 	"assumptions": {
[33m|[39m 		"setPublicClassFields": true,
[33m|[39m 		"privateFieldsAsSymbols": true
[33m|[39m 	}
[33m|[39m [transform-class-properties]: You are using the "loose: true" option and you are explicitly setting a value for the "setPublicClassFields" and "privateFieldsAsProperties" assumptions. The "loose" option can cause incompatibilities with the other class features plugins, so it's recommended that you replace it with the following top-level option:
[33m|[39m 	"assumptions": {
[33m|[39m 		"setPublicClassFields": true,
[33m|[39m 		"privateFieldsAsSymbols": true
[33m|[39m 	}
[33m|[39m [transform-private-methods]: You are using the "loose: true" option and you are explicitly setting a value for the "setPublicClassFields" and "privateFieldsAsProperties" assumptions. The "loose" option can cause incompatibilities with the other class features plugins, so it's recommended that you replace it with the following top-level option:
[33m|[39m 	"assumptions": {
[33m|[39m 		"setPublicClassFields": true,
[33m|[39m 		"privateFieldsAsSymbols": true
[33m|[39m 	}
[33m|[39m [transform-private-methods]: You are using the "loose: true" option and you are explicitly setting a value for the "setPublicClassFields" and "privateFieldsAsProperties" assumptions. The "loose" option can cause incompatibilities with the other class features plugins, so it's recommended that you replace it with the following top-level option:
[33m|[39m 	"assumptions": {
[33m|[39m 		"setPublicClassFields": true,
[33m|[39m 		"privateFieldsAsSymbols": true
[33m|[39m 	}
[33m|[39m [transform-private-methods]: You are using the "loose: true" option and you are explicitly setting a value for the "setPublicClassFields" and "privateFieldsAsProperties" assumptions. The "loose" option can cause incompatibilities with the other class features plugins, so it's recommended that you replace it with the following top-level option:
[33m|[39m 	"assumptions": {
[33m|[39m 		"setPublicClassFields": true,
[33m|[39m 		"privateFieldsAsSymbols": true
[33m|[39m 	}
[33m|[39m [transform-private-methods]: You are using the "loose: true" option and you are explicitly setting a value for the "setPublicClassFields" and "privateFieldsAsProperties" assumptions. The "loose" option can cause incompatibilities with the other class features plugins, so it's recommended that you replace it with the following top-level option:
[33m|[39m 	"assumptions": {
[33m|[39m 		"setPublicClassFields": true,
[33m|[39m 		"privateFieldsAsSymbols": true
[33m|[39m 	}
[33m|[39m [transform-private-methods]: You are using the "loose: true" option and you are explicitly setting a value for the "setPublicClassFields" and "privateFieldsAsProperties" assumptions. The "loose" option can cause incompatibilities with the other class features plugins, so it's recommended that you replace it with the following top-level option:
[33m|[39m 	"assumptions": {
[33m|[39m 		"setPublicClassFields": true,
[33m|[39m 		"privateFieldsAsSymbols": true
[33m|[39m 	}
[33m|[39m [transform-private-methods]: You are using the "loose: true" option and you are explicitly setting a value for the "setPublicClassFields" and "privateFieldsAsProperties" assumptions. The "loose" option can cause incompatibilities with the other class features plugins, so it's recommended that you replace it with the following top-level option:
[33m|[39m 	"assumptions": {
[33m|[39m 		"setPublicClassFields": true,
[33m|[39m 		"privateFieldsAsSymbols": true
[33m|[39m 	}
[33m|[39m [transform-private-methods]: You are using the "loose: true" option and you are explicitly setting a value for the "setPublicClassFields" and "privateFieldsAsProperties" assumptions. The "loose" option can cause incompatibilities with the other class features plugins, so it's recommended that you replace it with the following top-level option:
[33m|[39m 	"assumptions": {
[33m|[39m 		"setPublicClassFields": true,
[33m|[39m 		"privateFieldsAsSymbols": true
[33m|[39m 	}
[33m|[39m [transform-private-methods]: You are using the "loose: true" option and you are explicitly setting a value for the "setPublicClassFields" and "privateFieldsAsProperties" assumptions. The "loose" option can cause incompatibilities with the other class features plugins, so it's recommended that you replace it with the following top-level option:
[33m|[39m 	"assumptions": {
[33m|[39m 		"setPublicClassFields": true,
[33m|[39m 		"privateFieldsAsSymbols": true
[33m|[39m 	}
[33m|[39m [transform-private-methods]: You are using the "loose: true" option and you are explicitly setting a value for the "setPublicClassFields" and "privateFieldsAsProperties" assumptions. The "loose" option can cause incompatibilities with the other class features plugins, so it's recommended that you replace it with the following top-level option:
[33m|[39m 	"assumptions": {
[33m|[39m 		"setPublicClassFields": true,
[33m|[39m 		"privateFieldsAsSymbols": true
[33m|[39m 	}
[33m|[39m [transform-private-methods]: You are using the "loose: true" option and you are explicitly setting a value for the "setPublicClassFields" and "privateFieldsAsProperties" assumptions. The "loose" option can cause incompatibilities with the other class features plugins, so it's recommended that you replace it with the following top-level option:
[33m|[39m 	"assumptions": {
[33m|[39m 		"setPublicClassFields": true,
[33m|[39m 		"privateFieldsAsSymbols": true
[33m|[39m 	}
[33m|[39m [transform-private-methods]: You are using the "loose: true" option and you are explicitly setting a value for the "setPublicClassFields" and "privateFieldsAsProperties" assumptions. The "loose" option can cause incompatibilities with the other class features plugins, so it's recommended that you replace it with the following top-level option:
[33m|[39m 	"assumptions": {
[33m|[39m 		"setPublicClassFields": true,
[33m|[39m 		"privateFieldsAsSymbols": true
[33m|[39m 	}
[33m|[39m [transform-private-methods]: You are using the "loose: true" option and you are explicitly setting a value for the "setPublicClassFields" and "privateFieldsAsProperties" assumptions. The "loose" option can cause incompatibilities with the other class features plugins, so it's recommended that you replace it with the following top-level option:
[33m|[39m 	"assumptions": {
[33m|[39m 		"setPublicClassFields": true,
[33m|[39m 		"privateFieldsAsSymbols": true
[33m|[39m 	}
[33m|[39m [transform-private-methods]: You are using the "loose: true" option and you are explicitly setting a value for the "setPublicClassFields" and "privateFieldsAsProperties" assumptions. The "loose" option can cause incompatibilities with the other class features plugins, so it's recommended that you replace it with the following top-level option:
[33m|[39m 	"assumptions": {
[33m|[39m 		"setPublicClassFields": true,
[33m|[39m 		"privateFieldsAsSymbols": true
[33m|[39m 	}
[33m|[39m [transform-private-methods]: You are using the "loose: true" option and you are explicitly setting a value for the "setPublicClassFields" and "privateFieldsAsProperties" assumptions. The "loose" option can cause incompatibilities with the other class features plugins, so it's recommended that you replace it with the following top-level option:
[33m|[39m 	"assumptions": {
[33m|[39m 		"setPublicClassFields": true,
[33m|[39m 		"privateFieldsAsSymbols": true
[33m|[39m 	}
[33m|[39m [transform-private-methods]: You are using the "loose: true" option and you are explicitly setting a value for the "setPublicClassFields" and "privateFieldsAsProperties" assumptions. The "loose" option can cause incompatibilities with the other class features plugins, so it's recommended that you replace it with the following top-level option:
[33m|[39m 	"assumptions": {
[33m|[39m 		"setPublicClassFields": true,
[33m|[39m 		"privateFieldsAsSymbols": true
[33m|[39m 	}
[33m|[39m [transform-private-methods]: You are using the "loose: true" option and you are explicitly setting a value for the "setPublicClassFields" and "privateFieldsAsProperties" assumptions. The "loose" option can cause incompatibilities with the other class features plugins, so it's recommended that you replace it with the following top-level option:
[33m|[39m 	"assumptions": {
[33m|[39m 		"setPublicClassFields": true,
[33m|[39m 		"privateFieldsAsSymbols": true
[33m|[39m 	}
[33m|[39m [transform-private-methods]: You are using the "loose: true" option and you are explicitly setting a value for the "setPublicClassFields" and "privateFieldsAsProperties" assumptions. The "loose" option can cause incompatibilities with the other class features plugins, so it's recommended that you replace it with the following top-level option:
[33m|[39m 	"assumptions": {
[33m|[39m 		"setPublicClassFields": true,
[33m|[39m 		"privateFieldsAsSymbols": true
[33m|[39m 	}
[33m|[39m [transform-private-methods]: You are using the "loose: true" option and you are explicitly setting a value for the "setPublicClassFields" and "privateFieldsAsProperties" assumptions. The "loose" option can cause incompatibilities with the other class features plugins, so it's recommended that you replace it with the following top-level option:
[33m|[39m 	"assumptions": {
[33m|[39m 		"setPublicClassFields": true,
[33m|[39m 		"privateFieldsAsSymbols": true
[33m|[39m 	}
[33m|[39m [transform-private-methods]: You are using the "loose: true" option and you are explicitly setting a value for the "setPublicClassFields" and "privateFieldsAsProperties" assumptions. The "loose" option can cause incompatibilities with the other class features plugins, so it's recommended that you replace it with the following top-level option:
[33m|[39m 	"assumptions": {
[33m|[39m 		"setPublicClassFields": true,
[33m|[39m 		"privateFieldsAsSymbols": true
[33m|[39m 	}
[33m|[39m [transform-private-methods]: You are using the "loose: true" option and you are explicitly setting a value for the "setPublicClassFields" and "privateFieldsAsProperties" assumptions. The "loose" option can cause incompatibilities with the other class features plugins, so it's recommended that you replace it with the following top-level option:
[33m|[39m 	"assumptions": {
[33m|[39m 		"setPublicClassFields": true,
[33m|[39m 		"privateFieldsAsSymbols": true
[33m|[39m 	}
[33m|[39m [transform-private-methods]: You are using the "loose: true" option and you are explicitly setting a value for the "setPublicClassFields" and "privateFieldsAsProperties" assumptions. The "loose" option can cause incompatibilities with the other class features plugins, so it's recommended that you replace it with the following top-level option:
[33m|[39m 	"assumptions": {
[33m|[39m 		"setPublicClassFields": true,
[33m|[39m 		"privateFieldsAsSymbols": true
[33m|[39m 	}
[33m|[39m [transform-private-methods]: You are using the "loose: true" option and you are explicitly setting a value for the "setPublicClassFields" and "privateFieldsAsProperties" assumptions. The "loose" option can cause incompatibilities with the other class features plugins, so it's recommended that you replace it with the following top-level option:
[33m|[39m 	"assumptions": {
[33m|[39m 		"setPublicClassFields": true,
[33m|[39m 		"privateFieldsAsSymbols": true
[33m|[39m 	}
[33m|[39m [transform-private-methods]: You are using the "loose: true" option and you are explicitly setting a value for the "setPublicClassFields" and "privateFieldsAsProperties" assumptions. The "loose" option can cause incompatibilities with the other class features plugins, so it's recommended that you replace it with the following top-level option:
[33m|[39m 	"assumptions": {
[33m|[39m 		"setPublicClassFields": true,
[33m|[39m 		"privateFieldsAsSymbols": true
[33m|[39m 	}
[33m|[39m [transform-private-methods]: You are using the "loose: true" option and you are explicitly setting a value for the "setPublicClassFields" and "privateFieldsAsProperties" assumptions. The "loose" option can cause incompatibilities with the other class features plugins, so it's recommended that you replace it with the following top-level option:
[33m|[39m 	"assumptions": {
[33m|[39m 		"setPublicClassFields": true,
[33m|[39m 		"privateFieldsAsSymbols": true
[33m|[39m 	}
[33m|[39m [transform-private-methods]: You are using the "loose: true" option and you are explicitly setting a value for the "setPublicClassFields" and "privateFieldsAsProperties" assumptions. The "loose" option can cause incompatibilities with the other class features plugins, so it's recommended that you replace it with the following top-level option:
[33m|[39m 	"assumptions": {
[33m|[39m 		"setPublicClassFields": true,
[33m|[39m 		"privateFieldsAsSymbols": true
[33m|[39m 	}
[32m[1mWeb[22m Bundled [39m[2m2233ms[22m[0m[2m index.js (945 modules)[22m[0m
[7m[37m[1m LOG [22m[39m[27m [web] Logs will appear in the browser console
[1mWeb[22m [0m[2m./[22m[0m[1mindex.js[22m [47m[37m░░░░░░░░░░░░░░░░[39m[49m[1m  0.0% [22m[2m(0/1)[22m
[32m[1mWeb[22m Bundled [39m[2m31ms[22m[0m[2m index.js (1 module)[22m[0m
[7m[37m[1m LOG [22m[39m[27m [web] Logs will appear in the browser console
[1mWeb[22m [0m[2m./[22m[0m[1mindex.js[22m [47m[37m░░░░░░░░░░░░░░░░[39m[49m[1m  0.0% [22m[2m(0/1)[22m
[32m[1mWeb[22m Bundled [39m[2m25ms[22m[0m[2m index.js (1 module)[22m[0m
[7m[37m[1m LOG [22m[39m[27m [web] Logs will appear in the browser console
[1mWeb[22m [0m[2m./[22m[0m[1mindex.js[22m [47m[37m░░░░░░░░░░░░░░░░[39m[49m[1m  0.0% [22m[2m(0/1)[22m
[32m[1mWeb[22m Bundled [39m[2m30ms[22m[0m[2m index.js (1 module)[22m[0m
[7m[37m[1m LOG [22m[39m[27m [web] Logs will appear in the browser console
[1mWeb[22m [0m[2m./[22m[0m[1mindex.js[22m [47m[37m░░░░░░░░░░░░░░░░[39m[49m[1m  0.0% [22m[2m(0/1)[22m
[32m[1mWeb[22m Bundled [39m[2m28ms[22m[0m[2m index.js (1 module)[22m[0m
[7m[37m[1m LOG [22m[39m[27m [web] Logs will appear in the browser console
